{
    "TerminatingInstances": [
        {
            "InstanceId": "i-025cd03c991411e12", 
            "CurrentState": {
                "Code": 32, 
                "Name": "shutting-down"
            }, 
            "PreviousState": {
                "Code": 16, 
                "Name": "running"
            }
        }
    ]
}
{
    "TerminatingInstances": [
        {
            "InstanceId": "i-025cd03c991411e12", 
            "CurrentState": {
                "Code": 48, 
                "Name": "terminated"
            }, 
            "PreviousState": {
                "Code": 48, 
                "Name": "terminated"
            }
        }
    ]
}
